#
# There is insufficient memory for the Java Runtime Environment to continue.
# Native memory allocation (mmap) failed to map 268435456 bytes for Failed to commit area from 0x0000000701400000 to 0x0000000711400000 of length 268435456.
# Possible reasons:
#   The system is out of physical RAM or swap space
#   The process is running with CompressedOops enabled, and the Java Heap may be blocking the growth of the native heap
# Possible solutions:
#   Reduce memory load on the system
#   Increase physical memory or swap space
#   Check if swap backing store is full
#   Decrease Java heap size (-Xmx/-Xms)
#   Decrease number of Java threads
#   Decrease Java thread stack sizes (-Xss)
#   Set larger code cache with -XX:ReservedCodeCacheSize=
# This output file may be truncated or incomplete.
#
#  Out of Memory Error (./open/src/hotspot/os/windows/os_windows.cpp:3292), pid=2276, tid=14392
#
# JRE version:  (11.0.19+9) (build )
# Java VM: Java HotSpot(TM) 64-Bit Server VM (11.0.19+9-LTS-224, mixed mode, sharing, tiered, compressed oops, g1 gc, windows-amd64)
# No core dump will be written. Minidumps are not enabled by default on client versions of Windows
#

---------------  S U M M A R Y ------------

Command Line: 

Host: Intel(R) Core(TM) i7-7500U CPU @ 2.70GHz, 4 cores, 15G,  Windows 11 , 64 bit Build 22621 (10.0.22621.2506)
Time: Fri Jan 12 12:27:48 2024 Hora est嫕dar del Pac璗ico elapsed time: 0.018584 seconds (0d 0h 0m 0s)

---------------  T H R E A D  ---------------

Current thread (0x000001a4a9a04000):  JavaThread "Unknown thread" [_thread_in_vm, id=14392, stack(0x0000006452200000,0x0000006452300000)]

Stack: [0x0000006452200000,0x0000006452300000]
Native frames: (J=compiled Java code, j=interpreted, Vv=VM code, C=native code)
V  [jvm.dll+0x65fe1a]
V  [jvm.dll+0x7a2bbf]
V  [jvm.dll+0x7a4289]
V  [jvm.dll+0x7a4923]
V  [jvm.dll+0x258a25]
V  [jvm.dll+0x65d179]
V  [jvm.dll+0x651e55]
V  [jvm.dll+0x31302d]
V  [jvm.dll+0x312e92]
V  [jvm.dll+0x317ac6]
V  [jvm.dll+0x35fbc0]
V  [jvm.dll+0x35f632]
V  [jvm.dll+0x2ee6b8]
V  [jvm.dll+0x2ef7c5]
V  [jvm.dll+0x77bc17]
V  [jvm.dll+0x77d4ff]
V  [jvm.dll+0x36ce69]
V  [jvm.dll+0x76070f]
V  [jvm.dll+0x3defe7]
V  [jvm.dll+0x3e1091]
C  [jli.dll+0x52e7]
C  [ucrtbase.dll+0x29363]
C  [KERNEL32.DLL+0x1257d]
C  [ntdll.dll+0x5aa58]


---------------  P R O C E S S  ---------------

Threads class SMR info:
_java_thread_list=0x000001a4a7953b50, length=0, elements={
}

Java Threads: ( => current thread )

Other Threads:
  0x000001a4a9a1b800 GCTaskThread "GC Thread#0" [stack: 0x0000006452300000,0x0000006452400000] [id=17604]
  0x000001a4a9a78000 ConcurrentGCThread "G1 Main Marker" [stack: 0x0000006452400000,0x0000006452500000] [id=12772]
  0x000001a4a9a7a800 ConcurrentGCThread "G1 Conc#0" [stack: 0x0000006452500000,0x0000006452600000] [id=9412]

[error occurred during error reporting (printing all threads), id 0xc0000005, EXCEPTION_ACCESS_VIOLATION (0xc0000005) at pc=0x00007ffb7087f177]

VM state:not at safepoint (not fully initialized)

VM Mutex/Monitor currently owned by a thread:  ([mutex/lock_event])
[0x000001a4a9a00df0] Heap_lock - owner thread: 0x000001a4a9a04000

Heap address: 0x0000000701400000, size: 4076 MB, Compressed Oops mode: Non-zero based: 0x0000000701400000
Narrow klass base: 0x0000000000000000, Narrow klass shift: 0

GC Heap History (0 events):
No events

Deoptimization events (0 events):
No events

Classes redefined (0 events):
No events

Internal exceptions (0 events):
No events

Events (0 events):
No events


Dynamic libraries:
0x00007ff734140000 - 0x00007ff734150000 	C:\Program Files\Java\jdk-11.0.19\bin\java.EXE
0x00007ffbc2610000 - 0x00007ffbc2827000 	C:\Windows\SYSTEM32\ntdll.dll
0x00007ffbc15b0000 - 0x00007ffbc1674000 	C:\Windows\System32\KERNEL32.DLL
0x00007ffbbfde0000 - 0x00007ffbc0186000 	C:\Windows\System32\KERNELBASE.dll
0x00007ffbbfc00000 - 0x00007ffbbfd11000 	C:\Windows\System32\ucrtbase.dll
0x00007ffbaa9a0000 - 0x00007ffbaa9b9000 	C:\Program Files\Java\jdk-11.0.19\bin\jli.dll
0x00007ffbaa400000 - 0x00007ffbaa41b000 	C:\Program Files\Java\jdk-11.0.19\bin\VCRUNTIME140.dll
0x00007ffbc1c50000 - 0x00007ffbc1d03000 	C:\Windows\System32\ADVAPI32.dll
0x00007ffbc1080000 - 0x00007ffbc1127000 	C:\Windows\System32\msvcrt.dll
0x00007ffbc2120000 - 0x00007ffbc21c8000 	C:\Windows\System32\sechost.dll
0x00007ffbc0330000 - 0x00007ffbc0358000 	C:\Windows\System32\bcrypt.dll
0x00007ffbc0df0000 - 0x00007ffbc0f07000 	C:\Windows\System32\RPCRT4.dll
0x00007ffbc2370000 - 0x00007ffbc251e000 	C:\Windows\System32\USER32.dll
0x00007ffba83d0000 - 0x00007ffba8663000 	C:\Windows\WinSxS\amd64_microsoft.windows.common-controls_6595b64144ccf1df_6.0.22621.2506_none_270c5ae97388e100\COMCTL32.dll
0x00007ffbbf950000 - 0x00007ffbbf976000 	C:\Windows\System32\win32u.dll
0x00007ffbc1c20000 - 0x00007ffbc1c49000 	C:\Windows\System32\GDI32.dll
0x00007ffbc0190000 - 0x00007ffbc02a8000 	C:\Windows\System32\gdi32full.dll
0x00007ffbbf9f0000 - 0x00007ffbbfa8a000 	C:\Windows\System32\msvcp_win.dll
0x00007ffbb6360000 - 0x00007ffbb636a000 	C:\Windows\SYSTEM32\VERSION.dll
0x00007ffbc22d0000 - 0x00007ffbc2301000 	C:\Windows\System32\IMM32.DLL
0x00007ffbba810000 - 0x00007ffbba81c000 	C:\Program Files\Java\jdk-11.0.19\bin\vcruntime140_1.dll
0x00007ffb86310000 - 0x00007ffb8639e000 	C:\Program Files\Java\jdk-11.0.19\bin\msvcp140.dll
0x00007ffb70580000 - 0x00007ffb710ec000 	C:\Program Files\Java\jdk-11.0.19\bin\server\jvm.dll
0x00007ffbc1070000 - 0x00007ffbc1078000 	C:\Windows\System32\PSAPI.DLL
0x00007ffbbd5d0000 - 0x00007ffbbd5d9000 	C:\Windows\SYSTEM32\WSOCK32.dll
0x00007ffbb6770000 - 0x00007ffbb67a4000 	C:\Windows\SYSTEM32\WINMM.dll
0x00007ffbc1b90000 - 0x00007ffbc1c01000 	C:\Windows\System32\WS2_32.dll
0x00007ffbbe940000 - 0x00007ffbbe958000 	C:\Windows\SYSTEM32\kernel.appcore.dll
0x00007ffbaa4e0000 - 0x00007ffbaa4f0000 	C:\Program Files\Java\jdk-11.0.19\bin\verify.dll
0x00007ffbbd390000 - 0x00007ffbbd5c3000 	C:\Windows\SYSTEM32\DBGHELP.DLL
0x00007ffbc1d10000 - 0x00007ffbc2099000 	C:\Windows\System32\combase.dll
0x00007ffbc1840000 - 0x00007ffbc1917000 	C:\Windows\System32\OLEAUT32.dll
0x00007ffb9eb60000 - 0x00007ffb9eb92000 	C:\Windows\SYSTEM32\dbgcore.DLL
0x00007ffbc02b0000 - 0x00007ffbc032a000 	C:\Windows\System32\bcryptPrimitives.dll
0x00007ffba0690000 - 0x00007ffba06b8000 	C:\Program Files\Java\jdk-11.0.19\bin\java.dll
0x00007ffba0670000 - 0x00007ffba067a000 	C:\Program Files\Java\jdk-11.0.19\bin\jimage.dll
0x00007ffb9e910000 - 0x00007ffb9e927000 	C:\Program Files\Java\jdk-11.0.19\bin\zip.dll

dbghelp: loaded successfully - version: 4.0.5 - missing functions: none
symbol engine: initialized successfully - sym options: 0x614 - pdb path: .;C:\Program Files\Java\jdk-11.0.19\bin;C:\Windows\SYSTEM32;C:\Windows\WinSxS\amd64_microsoft.windows.common-controls_6595b64144ccf1df_6.0.22621.2506_none_270c5ae97388e100;C:\Program Files\Java\jdk-11.0.19\bin\server

VM Arguments:
java_command: <unknown>
java_class_path (initial): <not set>
Launcher Type: SUN_STANDARD

[Global flags]
     intx CICompilerCount                          = 3                                         {product} {ergonomic}
     uint ConcGCThreads                            = 1                                         {product} {ergonomic}
     uint G1ConcRefinementThreads                  = 4                                         {product} {ergonomic}
   size_t G1HeapRegionSize                         = 1048576                                   {product} {ergonomic}
    uintx GCDrainStackTargetSize                   = 64                                        {product} {ergonomic}
   size_t InitialHeapSize                          = 268435456                                 {product} {ergonomic}
   size_t MarkStackSize                            = 4194304                                   {product} {ergonomic}
   size_t MaxHeapSize                              = 4273995776                                {product} {ergonomic}
   size_t MinHeapDeltaBytes                        = 1048576                                   {product} {ergonomic}
    uintx NonNMethodCodeHeapSize                   = 5830732                                {pd product} {ergonomic}
    uintx NonProfiledCodeHeapSize                  = 122913754                              {pd product} {ergonomic}
    uintx ProfiledCodeHeapSize                     = 122913754                              {pd product} {ergonomic}
    uintx ReservedCodeCacheSize                    = 251658240                              {pd product} {ergonomic}
     bool SegmentedCodeCache                       = true                                      {product} {ergonomic}
     bool UseCompressedClassPointers               = true                                 {lp64_product} {ergonomic}
     bool UseCompressedOops                        = true                                 {lp64_product} {ergonomic}
     bool UseG1GC                                  = true                                      {product} {ergonomic}
     bool UseLargePagesIndividualAllocation        = false                                  {pd product} {ergonomic}

Logging:
Log output configuration:
 #0: stdout all=warning uptime,level,tags
 #1: stderr all=off uptime,level,tags

Environment Variables:
JAVA_HOME=C:\Program Files\Java\jdk-11.0.19
PATH=C:\Program Files\Java\jdk-11.0.19\bin;C:\Users\K5\bin;C:\Program Files\Git\mingw64\bin;C:\Program Files\Git\usr\local\bin;C:\Program Files\Git\usr\bin;C:\Program Files\Git\usr\bin;C:\Program Files\Git\mingw64\bin;C:\Program Files\Git\usr\bin;C:\Users\K5\bin;E:\workspace\flutter\bin;E:\workspace\Sdk\platform-tools;E:\workspace\dart-sdk;E:\workspace\dart-sdk\bin;E:\workspace\gradle\gradle-8.1.1\bin;C:\Program Files\Common Files\Oracle\Java\javapath;C:\Program Files (x86)\Common Files\Oracle\Java\javapath;C:\Windows\system32;C:\Windows;C:\Windows\System32\Wbem;C:\Windows\System32\WindowsPowerShell\v1.0;C:\Windows\System32\OpenSSH;C:\Program Files\Java\jdk-20;C:\Program Files\WireGuard;C:\Program Files\Git\cmd;C:\Users\K5\AppData\Roaming\nvm;C:\Program Files\nodejs;E:\workspace\apktools;E:\workspace\apktools;C:\Users\K5\AppData\Local\Microsoft\WindowsApps;C:\Users\K5\AppData\Local\Programs\Microsoft VS Code\bin;C:\Program Files\Java\jdk-11.0.19\bin;C:\Program Files\Android\Android Studio\platform-tools;C:\Users\K5\AppData\Local\GitHubDesktop\bin;C:\Program Files\Git\usr\bin\vendor_perl;C:\Program Files\Git\usr\bin\core_perl;E:\workspace\flutter\bin\mingit\cmd
USERNAME=K5
SHELL=C:\Program Files\Git\usr\bin\bash.exe
DISPLAY=needs-to-be-defined
OS=MINGW64_NT-10.0-22621
PROCESSOR_IDENTIFIER=Intel64 Family 6 Model 142 Stepping 9, GenuineIntel



---------------  S Y S T E M  ---------------

OS: Windows 11 , 64 bit Build 22621 (10.0.22621.2506)
Hyper-V role detected

CPU:total 4 (initial active 4) (2 cores per cpu, 2 threads per core) family 6 model 142 stepping 9 microcode 0xde, cmov, cx8, fxsr, mmx, sse, sse2, sse3, ssse3, sse4.1, sse4.2, popcnt, avx, avx2, aes, clmul, erms, 3dnowpref, lzcnt, ht, tsc, tscinvbit, bmi1, bmi2, adx, fma

Memory: 4k page, system-wide physical 16297M (5292M free)
TotalPageFile size 16297M (AvailPageFile size 104M)
current process WorkingSet (physical memory assigned to process): 11M, peak: 11M
current process commit charge ("private bytes"): 52M, peak: 308M

vm_info: Java HotSpot(TM) 64-Bit Server VM (11.0.19+9-LTS-224) for windows-amd64 JRE (11.0.19+9-LTS-224), built on Mar 27 2023 08:48:55 by "mach5one" with MS VC++ 17.1 (VS2022)

END.
