#
# There is insufficient memory for the Java Runtime Environment to continue.
# Native memory allocation (mmap) failed to map 268435456 bytes for G1 virtual space
# Possible reasons:
#   The system is out of physical RAM or swap space
#   The process is running with CompressedOops enabled, and the Java Heap may be blocking the growth of the native heap
# Possible solutions:
#   Reduce memory load on the system
#   Increase physical memory or swap space
#   Check if swap backing store is full
#   Decrease Java heap size (-Xmx/-Xms)
#   Decrease number of Java threads
#   Decrease Java thread stack sizes (-Xss)
#   Set larger code cache with -XX:ReservedCodeCacheSize=
#   JVM is running with Zero Based Compressed Oops mode in which the Java heap is
#     placed in the first 32GB address space. The Java Heap base address is the
#     maximum limit for the native heap growth. Please use -XX:HeapBaseMinAddress
#     to set the Java Heap base and to place the Java Heap above 32GB virtual address.
# This output file may be truncated or incomplete.
#
#  Out of Memory Error (os_windows.cpp:3769), pid=17552, tid=13512
#
# JRE version:  (17.0.6) (build )
# Java VM: OpenJDK 64-Bit Server VM (17.0.6+0-b2043.56-10027231, mixed mode, sharing, tiered, compressed oops, compressed class ptrs, g1 gc, windows-amd64)
# No core dump will be written. Minidumps are not enabled by default on client versions of Windows
#

---------------  S U M M A R Y ------------

Command Line: 

Host: Intel(R) Core(TM) i7-7500U CPU @ 2.70GHz, 4 cores, 15G,  Windows 11 , 64 bit Build 22621 (10.0.22621.2506)
Time: Fri Jan 12 12:27:47 2024 Hora estándar del Pacífico elapsed time: 0.027348 seconds (0d 0h 0m 0s)

---------------  T H R E A D  ---------------

Current thread (0x0000014311b518b0):  JavaThread "Unknown thread" [_thread_in_vm, id=13512, stack(0x000000380ce00000,0x000000380cf00000)]

Stack: [0x000000380ce00000,0x000000380cf00000]
Native frames: (J=compiled Java code, j=interpreted, Vv=VM code, C=native code)
V  [jvm.dll+0x683c9a]
V  [jvm.dll+0x8427a4]
V  [jvm.dll+0x843f9e]
V  [jvm.dll+0x844603]
V  [jvm.dll+0x249b75]
V  [jvm.dll+0x680b69]
V  [jvm.dll+0x67505a]
V  [jvm.dll+0x309acb]
V  [jvm.dll+0x310f86]
V  [jvm.dll+0x3608ee]
V  [jvm.dll+0x360b1f]
V  [jvm.dll+0x2dfbf8]
V  [jvm.dll+0x2e0b64]
V  [jvm.dll+0x814091]
V  [jvm.dll+0x36e6a1]
V  [jvm.dll+0x7f35cc]
V  [jvm.dll+0x3f0e8f]
V  [jvm.dll+0x3f29d1]
C  [jli.dll+0x526b]
C  [ucrtbase.dll+0x29363]
C  [KERNEL32.DLL+0x1257d]
C  [ntdll.dll+0x5aa58]


---------------  P R O C E S S  ---------------

Threads class SMR info:
_java_thread_list=0x00007ffb6d2bc058, length=0, elements={
}

Java Threads: ( => current thread )

Other Threads:
  0x0000014311bbbd80 GCTaskThread "GC Thread#0" [stack: 0x000000380cf00000,0x000000380d000000] [id=16596]
  0x0000014311bcdb90 ConcurrentGCThread "G1 Main Marker" [stack: 0x000000380d000000,0x000000380d100000] [id=15968]
  0x0000014311bce5a0 ConcurrentGCThread "G1 Conc#0" [stack: 0x000000380d100000,0x000000380d200000] [id=10192]

[error occurred during error reporting (printing all threads), id 0xc0000005, EXCEPTION_ACCESS_VIOLATION (0xc0000005) at pc=0x00007ffb6ca70797]

VM state: not at safepoint (not fully initialized)

VM Mutex/Monitor currently owned by a thread:  ([mutex/lock_event])
[0x0000014311b4dfb0] Heap_lock - owner thread: 0x0000014311b518b0

Heap address: 0x0000000701400000, size: 4076 MB, Compressed Oops mode: Zero based, Oop shift amount: 3

CDS archive(s) mapped at: [0x0000000000000000-0x0000000000000000-0x0000000000000000), size 0, SharedBaseAddress: 0x0000000800000000, ArchiveRelocationMode: 0.
Narrow klass base: 0x0000000000000000, Narrow klass shift: 0, Narrow klass range: 0x0

GC Precious Log:
<Empty>

Heap:
 garbage-first heap   total 0K, used 0K [0x0000000701400000, 0x0000000800000000)
  region size 2048K, 0 young (0K), 0 survivors (0K)

[error occurred during error reporting (printing heap information), id 0xc0000005, EXCEPTION_ACCESS_VIOLATION (0xc0000005) at pc=0x00007ffb6ce5da89]

GC Heap History (0 events):
No events

Dll operation events (1 events):
Event: 0.015 Loaded shared library C:\Program Files\Android\Android Studio1\jbr\bin\java.dll

Deoptimization events (0 events):
No events

Classes unloaded (0 events):
No events

Classes redefined (0 events):
No events

Internal exceptions (0 events):
No events

VM Operations (0 events):
No events

Events (0 events):
No events


Dynamic libraries:
0x00007ff64fa60000 - 0x00007ff64fa6a000 	C:\Program Files\Android\Android Studio1\jbr\bin\java.EXE
0x00007ffbc2610000 - 0x00007ffbc2827000 	C:\Windows\SYSTEM32\ntdll.dll
0x00007ffbc15b0000 - 0x00007ffbc1674000 	C:\Windows\System32\KERNEL32.DLL
0x00007ffbbfde0000 - 0x00007ffbc0186000 	C:\Windows\System32\KERNELBASE.dll
0x00007ffbbfc00000 - 0x00007ffbbfd11000 	C:\Windows\System32\ucrtbase.dll
0x00007ffb9d5c0000 - 0x00007ffb9d5d7000 	C:\Program Files\Android\Android Studio1\jbr\bin\jli.dll
0x00007ffb9aa60000 - 0x00007ffb9aa7b000 	C:\Program Files\Android\Android Studio1\jbr\bin\VCRUNTIME140.dll
0x00007ffbc2370000 - 0x00007ffbc251e000 	C:\Windows\System32\USER32.dll
0x00007ffba83d0000 - 0x00007ffba8663000 	C:\Windows\WinSxS\amd64_microsoft.windows.common-controls_6595b64144ccf1df_6.0.22621.2506_none_270c5ae97388e100\COMCTL32.dll
0x00007ffbbf950000 - 0x00007ffbbf976000 	C:\Windows\System32\win32u.dll
0x00007ffbc1080000 - 0x00007ffbc1127000 	C:\Windows\System32\msvcrt.dll
0x00007ffbc1c20000 - 0x00007ffbc1c49000 	C:\Windows\System32\GDI32.dll
0x00007ffbc0190000 - 0x00007ffbc02a8000 	C:\Windows\System32\gdi32full.dll
0x00007ffbbf9f0000 - 0x00007ffbbfa8a000 	C:\Windows\System32\msvcp_win.dll
0x00007ffbc22d0000 - 0x00007ffbc2301000 	C:\Windows\System32\IMM32.DLL
0x00007ffbb6660000 - 0x00007ffbb666c000 	C:\Program Files\Android\Android Studio1\jbr\bin\vcruntime140_1.dll
0x00007ffb860c0000 - 0x00007ffb8614d000 	C:\Program Files\Android\Android Studio1\jbr\bin\msvcp140.dll
0x00007ffb6c780000 - 0x00007ffb6d3ee000 	C:\Program Files\Android\Android Studio1\jbr\bin\server\jvm.dll
0x00007ffbc1c50000 - 0x00007ffbc1d03000 	C:\Windows\System32\ADVAPI32.dll
0x00007ffbc2120000 - 0x00007ffbc21c8000 	C:\Windows\System32\sechost.dll
0x00007ffbc0330000 - 0x00007ffbc0358000 	C:\Windows\System32\bcrypt.dll
0x00007ffbc0df0000 - 0x00007ffbc0f07000 	C:\Windows\System32\RPCRT4.dll
0x00007ffbbd5d0000 - 0x00007ffbbd5d9000 	C:\Windows\SYSTEM32\WSOCK32.dll
0x00007ffbb6770000 - 0x00007ffbb67a4000 	C:\Windows\SYSTEM32\WINMM.dll
0x00007ffbb6360000 - 0x00007ffbb636a000 	C:\Windows\SYSTEM32\VERSION.dll
0x00007ffbc1b90000 - 0x00007ffbc1c01000 	C:\Windows\System32\WS2_32.dll
0x00007ffbbe940000 - 0x00007ffbbe958000 	C:\Windows\SYSTEM32\kernel.appcore.dll
0x00007ffbaa6d0000 - 0x00007ffbaa6da000 	C:\Program Files\Android\Android Studio1\jbr\bin\jimage.dll
0x00007ffbbd390000 - 0x00007ffbbd5c3000 	C:\Windows\SYSTEM32\DBGHELP.DLL
0x00007ffbc1d10000 - 0x00007ffbc2099000 	C:\Windows\System32\combase.dll
0x00007ffbc1840000 - 0x00007ffbc1917000 	C:\Windows\System32\OLEAUT32.dll
0x00007ffb9eb60000 - 0x00007ffb9eb92000 	C:\Windows\SYSTEM32\dbgcore.DLL
0x00007ffbc02b0000 - 0x00007ffbc032a000 	C:\Windows\System32\bcryptPrimitives.dll
0x00007ffb94fb0000 - 0x00007ffb94fd5000 	C:\Program Files\Android\Android Studio1\jbr\bin\java.dll

dbghelp: loaded successfully - version: 4.0.5 - missing functions: none
symbol engine: initialized successfully - sym options: 0x614 - pdb path: .;C:\Program Files\Android\Android Studio1\jbr\bin;C:\Windows\SYSTEM32;C:\Windows\WinSxS\amd64_microsoft.windows.common-controls_6595b64144ccf1df_6.0.22621.2506_none_270c5ae97388e100;C:\Program Files\Android\Android Studio1\jbr\bin\server

VM Arguments:
java_command: <unknown>
java_class_path (initial): <not set>
Launcher Type: SUN_STANDARD

[Global flags]
     intx CICompilerCount                          = 3                                         {product} {ergonomic}
     uint ConcGCThreads                            = 1                                         {product} {ergonomic}
     uint G1ConcRefinementThreads                  = 4                                         {product} {ergonomic}
   size_t G1HeapRegionSize                         = 2097152                                   {product} {ergonomic}
    uintx GCDrainStackTargetSize                   = 64                                        {product} {ergonomic}
   size_t InitialHeapSize                          = 268435456                                 {product} {ergonomic}
   size_t MarkStackSize                            = 4194304                                   {product} {ergonomic}
   size_t MaxHeapSize                              = 4273995776                                {product} {ergonomic}
   size_t MinHeapDeltaBytes                        = 2097152                                   {product} {ergonomic}
   size_t MinHeapSize                              = 8388608                                   {product} {ergonomic}
    uintx NonNMethodCodeHeapSize                   = 5832780                                {pd product} {ergonomic}
    uintx NonProfiledCodeHeapSize                  = 122912730                              {pd product} {ergonomic}
    uintx ProfiledCodeHeapSize                     = 122912730                              {pd product} {ergonomic}
    uintx ReservedCodeCacheSize                    = 251658240                              {pd product} {ergonomic}
     bool SegmentedCodeCache                       = true                                      {product} {ergonomic}
   size_t SoftMaxHeapSize                          = 4273995776                             {manageable} {ergonomic}
     bool UseCompressedClassPointers               = true                           {product lp64_product} {ergonomic}
     bool UseCompressedOops                        = true                           {product lp64_product} {ergonomic}
     bool UseG1GC                                  = true                                      {product} {ergonomic}
     bool UseLargePagesIndividualAllocation        = false                                  {pd product} {ergonomic}

Logging:
Log output configuration:
 #0: stdout all=warning uptime,level,tags
 #1: stderr all=off uptime,level,tags

Environment Variables:
JAVA_HOME=C:\Program Files\Java\jdk-11.0.19
PATH=C:\Users\K5\bin;C:\Program Files\Git\mingw64\bin;C:\Program Files\Git\usr\local\bin;C:\Program Files\Git\usr\bin;C:\Program Files\Git\usr\bin;C:\Program Files\Git\mingw64\bin;C:\Program Files\Git\usr\bin;C:\Users\K5\bin;E:\workspace\flutter\bin;E:\workspace\Sdk\platform-tools;E:\workspace\dart-sdk;E:\workspace\dart-sdk\bin;E:\workspace\gradle\gradle-8.1.1\bin;C:\Program Files\Common Files\Oracle\Java\javapath;C:\Program Files (x86)\Common Files\Oracle\Java\javapath;C:\Windows\system32;C:\Windows;C:\Windows\System32\Wbem;C:\Windows\System32\WindowsPowerShell\v1.0;C:\Windows\System32\OpenSSH;C:\Program Files\Java\jdk-20;C:\Program Files\WireGuard;C:\Program Files\Git\cmd;C:\Users\K5\AppData\Roaming\nvm;C:\Program Files\nodejs;E:\workspace\apktools;E:\workspace\apktools;C:\Users\K5\AppData\Local\Microsoft\WindowsApps;C:\Users\K5\AppData\Local\Programs\Microsoft VS Code\bin;C:\Program Files\Java\jdk-11.0.19\bin;C:\Program Files\Android\Android Studio\platform-tools;C:\Users\K5\AppData\Local\GitHubDesktop\bin;C:\Program Files\Git\usr\bin\vendor_perl;C:\Program Files\Git\usr\bin\core_perl;E:\workspace\flutter\bin\mingit\cmd
USERNAME=K5
SHELL=C:\Program Files\Git\usr\bin\bash.exe
DISPLAY=needs-to-be-defined
LC_CTYPE=es_ES.UTF-8
TERM=xterm
TMPDIR=C:\Users\K5\AppData\Local\Temp
OS=MINGW64_NT-10.0-22621
PROCESSOR_IDENTIFIER=Intel64 Family 6 Model 142 Stepping 9, GenuineIntel
TMP=C:\Users\K5\AppData\Local\Temp
TEMP=C:\Users\K5\AppData\Local\Temp


JNI global refs:

[error occurred during error reporting (JNI global references), id 0xc0000005, EXCEPTION_ACCESS_VIOLATION (0xc0000005) at pc=0x00007ffb6c837a10]


---------------  S Y S T E M  ---------------

OS:
 Windows 11 , 64 bit Build 22621 (10.0.22621.2506)
OS uptime: 1 days 6:51 hours
Hyper-V role detected

CPU: total 4 (initial active 4) (2 cores per cpu, 2 threads per core) family 6 model 142 stepping 9 microcode 0xde, cx8, cmov, fxsr, ht, mmx, 3dnowpref, sse, sse2, sse3, ssse3, sse4.1, sse4.2, popcnt, lzcnt, tsc, tscinvbit, avx, avx2, aes, erms, clmul, bmi1, bmi2, adx, fma, vzeroupper, clflush, clflushopt, hv

Memory: 4k page, system-wide physical 16297M (5291M free)
TotalPageFile size 16297M (AvailPageFile size 102M)
current process WorkingSet (physical memory assigned to process): 11M, peak: 11M
current process commit charge ("private bytes"): 52M, peak: 307M

vm_info: OpenJDK 64-Bit Server VM (17.0.6+0-b2043.56-10027231) for windows-amd64 JRE (17.0.6+0-b2043.56-10027231), built on Apr 28 2023 00:43:19 by "androidbuild" with MS VC++ 16.10 / 16.11 (VS2019)

END.
